To honour the JVM settings for this build a single-use Daemon process will be forked. For more on this, please refer to https://docs.gradle.org/8.13/userguide/gradle_daemon.html#sec:disabling_the_daemon in the Gradle documentation.
Daemon will be stopped at the end of the build 
> Task :clean
> Task :app:clean
> Task :lunar-ui:clean

> Task :terminal-emulator:externalNativeBuildCleanDebug
Clean termux-armeabi-v7a
Clean termux-arm64-v8a
Clean termux-x86
Clean termux-x86_64

> Task :terminal-emulator:externalNativeBuildCleanRelease
> Task :terminal-emulator:clean
> Task :terminal-view:clean
> Task :termux-core:clean

> Task :termux-shared:externalNativeBuildCleanDebug
Clean local-socket-armeabi-v7a
Clean local-socket-arm64-v8a
Clean local-socket-x86
Clean local-socket-x86_64

> Task :termux-shared:externalNativeBuildCleanRelease
> Task :termux-shared:clean
> Task :app:preBuild UP-TO-DATE
> Task :app:preDebugBuild UP-TO-DATE
> Task :app:mergeDebugNativeDebugMetadata NO-SOURCE
> Task :app:checkKotlinGradlePluginConfigurationErrors
> Task :app:generateDebugBuildConfig
> Task :lunar-ui:preBuild UP-TO-DATE
> Task :lunar-ui:preDebugBuild UP-TO-DATE
> Task :terminal-emulator:preBuild UP-TO-DATE
> Task :terminal-emulator:preDebugBuild UP-TO-DATE
> Task :terminal-view:preBuild UP-TO-DATE
> Task :terminal-view:preDebugBuild UP-TO-DATE
> Task :lunar-ui:writeDebugAarMetadata
> Task :terminal-emulator:writeDebugAarMetadata
> Task :termux-core:preBuild UP-TO-DATE
> Task :terminal-view:writeDebugAarMetadata
> Task :termux-core:preDebugBuild UP-TO-DATE
> Task :termux-shared:preBuild UP-TO-DATE
> Task :termux-shared:preDebugBuild UP-TO-DATE
> Task :termux-core:writeDebugAarMetadata
> Task :termux-shared:writeDebugAarMetadata
> Task :app:generateDebugResValues
> Task :lunar-ui:generateDebugResValues
> Task :lunar-ui:generateDebugResources
> Task :app:checkDebugAarMetadata
> Task :lunar-ui:packageDebugResources
> Task :terminal-emulator:generateDebugResValues
> Task :terminal-emulator:generateDebugResources
> Task :terminal-emulator:packageDebugResources
> Task :terminal-view:generateDebugResValues
> Task :terminal-view:generateDebugResources
> Task :terminal-view:packageDebugResources
> Task :termux-core:generateDebugResValues
> Task :termux-core:generateDebugResources
> Task :termux-core:packageDebugResources
> Task :termux-shared:generateDebugResValues
> Task :termux-shared:generateDebugResources
> Task :termux-shared:packageDebugResources
> Task :app:mapDebugSourceSetPaths
> Task :app:generateDebugResources
> Task :app:packageDebugResources
> Task :app:createDebugCompatibleScreenManifests
> Task :app:extractDeepLinksDebug
> Task :lunar-ui:extractDeepLinksDebug
> Task :terminal-emulator:extractDeepLinksDebug
> Task :terminal-view:extractDeepLinksDebug
> Task :termux-core:extractDeepLinksDebug
> Task :termux-shared:extractDeepLinksDebug
> Task :terminal-emulator:compileDebugLibraryResources
> Task :terminal-view:compileDebugLibraryResources
> Task :terminal-emulator:parseDebugLocalResources
> Task :lunar-ui:compileDebugLibraryResources
> Task :app:parseDebugLocalResources
> Task :terminal-view:parseDebugLocalResources
> Task :lunar-ui:parseDebugLocalResources
> Task :lunar-ui:checkKotlinGradlePluginConfigurationErrors
> Task :termux-shared:processDebugManifest
> Task :lunar-ui:processDebugManifest

> Task :terminal-emulator:processDebugManifest
package="com.termux.terminal" found in source AndroidManifest.xml: E:\Code\LunarLand\MiniLinux\termux-app\terminal-emulator\src\main\AndroidManifest.xml.
Setting the namespace via the package attribute in the source AndroidManifest.xml is no longer supported, and the value is ignored.
Recommendation: remove package="com.termux.terminal" from the source AndroidManifest.xml: E:\Code\LunarLand\MiniLinux\termux-app\terminal-emulator\src\main\AndroidManifest.xml.

> Task :terminal-view:processDebugManifest
package="com.termux.view" found in source AndroidManifest.xml: E:\Code\LunarLand\MiniLinux\termux-app\terminal-view\src\main\AndroidManifest.xml.
Setting the namespace via the package attribute in the source AndroidManifest.xml is no longer supported, and the value is ignored.
Recommendation: remove package="com.termux.view" from the source AndroidManifest.xml: E:\Code\LunarLand\MiniLinux\termux-app\terminal-view\src\main\AndroidManifest.xml.

> Task :terminal-emulator:checkKotlinGradlePluginConfigurationErrors
> Task :terminal-view:checkKotlinGradlePluginConfigurationErrors
> Task :termux-core:checkKotlinGradlePluginConfigurationErrors
> Task :terminal-view:javaPreCompileDebug
> Task :lunar-ui:javaPreCompileDebug
> Task :terminal-emulator:javaPreCompileDebug
> Task :termux-shared:parseDebugLocalResources
> Task :termux-core:parseDebugLocalResources
> Task :termux-core:processDebugManifest
> Task :termux-core:generateDebugBuildConfig
> Task :termux-shared:compileDebugLibraryResources
> Task :lunar-ui:generateDebugRFile
> Task :terminal-view:generateDebugRFile
> Task :terminal-emulator:generateDebugRFile
> Task :termux-core:compileDebugLibraryResources
> Task :app:processDebugMainManifest
> Task :app:processDebugManifest
> Task :termux-core:generateDebugRFile
> Task :termux-shared:generateDebugRFile
> Task :app:mergeDebugResources
> Task :terminal-emulator:compileDebugKotlin NO-SOURCE

> Task :terminal-emulator:compileDebugJavaWithJavac
Note: E:\Code\LunarLand\MiniLinux\termux-app\terminal-emulator\src\main\java\com\termux\terminal\TerminalSession.java uses or overrides a deprecated API.
Note: Recompile with -Xlint:deprecation for details.

> Task :termux-shared:checkKotlinGradlePluginConfigurationErrors
> Task :termux-shared:javaPreCompileDebug
> Task :termux-core:javaPreCompileDebug
> Task :app:javaPreCompileDebug
> Task :app:mergeDebugShaders
> Task :app:compileDebugShaders NO-SOURCE
> Task :app:generateDebugAssets UP-TO-DATE
> Task :lunar-ui:mergeDebugShaders
> Task :lunar-ui:compileDebugShaders NO-SOURCE
> Task :lunar-ui:generateDebugAssets UP-TO-DATE
> Task :lunar-ui:mergeDebugAssets
> Task :terminal-emulator:mergeDebugShaders
> Task :terminal-emulator:compileDebugShaders NO-SOURCE
> Task :terminal-emulator:generateDebugAssets UP-TO-DATE
> Task :terminal-emulator:mergeDebugAssets
> Task :terminal-emulator:bundleLibCompileToJarDebug
> Task :terminal-view:mergeDebugShaders
> Task :terminal-view:compileDebugKotlin NO-SOURCE

> Task :terminal-view:compileDebugJavaWithJavac
Note: E:\Code\LunarLand\MiniLinux\termux-app\terminal-view\src\main\java\com\termux\view\TerminalView.java uses or overrides a deprecated API.
Note: Recompile with -Xlint:deprecation for details.

> Task :terminal-view:compileDebugShaders NO-SOURCE
> Task :terminal-view:generateDebugAssets UP-TO-DATE
> Task :terminal-view:mergeDebugAssets
> Task :termux-core:mergeDebugShaders
> Task :termux-core:compileDebugShaders NO-SOURCE
> Task :termux-core:generateDebugAssets UP-TO-DATE
> Task :terminal-view:bundleLibCompileToJarDebug
> Task :termux-core:mergeDebugAssets
> Task :termux-shared:compileDebugKotlin NO-SOURCE

> Task :termux-shared:compileDebugJavaWithJavac
Note: Some input files use or override a deprecated API.
Note: Recompile with -Xlint:deprecation for details.

> Task :termux-shared:mergeDebugShaders
> Task :termux-shared:compileDebugShaders NO-SOURCE
> Task :termux-shared:generateDebugAssets UP-TO-DATE
> Task :termux-shared:mergeDebugAssets
> Task :app:mergeDebugAssets
> Task :terminal-emulator:processDebugJavaRes NO-SOURCE
> Task :terminal-view:processDebugJavaRes NO-SOURCE
> Task :termux-shared:processDebugJavaRes NO-SOURCE
> Task :termux-shared:bundleLibCompileToJarDebug
> Task :app:compressDebugAssets
> Task :app:processDebugManifestForPackage
> Task :app:checkDebugDuplicateClasses
> Task :termux-core:compileDebugKotlin NO-SOURCE

> Task :termux-core:compileDebugJavaWithJavac
Note: Some input files use or override a deprecated API.
Note: Recompile with -Xlint:deprecation for details.

> Task :termux-core:processDebugJavaRes NO-SOURCE
> Task :app:desugarDebugFileDependencies
> Task :termux-core:bundleLibCompileToJarDebug
> Task :app:mergeDebugJniLibFolders
> Task :lunar-ui:mergeDebugJniLibFolders
> Task :terminal-emulator:bundleLibRuntimeToJarDebug
> Task :lunar-ui:mergeDebugNativeLibs NO-SOURCE
> Task :app:processDebugResources
> Task :terminal-view:bundleLibRuntimeToJarDebug
> Task :termux-core:bundleLibRuntimeToJarDebug
> Task :lunar-ui:copyDebugJniLibsProjectOnly
> Task :termux-shared:bundleLibRuntimeToJarDebug
> Task :terminal-emulator:configureNdkBuildDebug[arm64-v8a]

> Task :lunar-ui:compileDebugKotlin
w: file:///E:/Code/LunarLand/MiniLinux/termux-app/lunar-ui/src/main/kotlin/lunar/land/ui/core/ui/SearchField.kt:45:27 'constructor KeyboardOptions(KeyboardCapitalization = ..., Boolean, KeyboardType = ..., ImeAction = ..., PlatformImeOptions? = ..., Boolean? = ..., LocaleList? = ...)' is deprecated. Please use the new constructor that takes optional autoCorrectEnabled parameter.
w: file:///E:/Code/LunarLand/MiniLinux/termux-app/lunar-ui/src/main/kotlin/lunar/land/ui/core/ui/StepButton.kt:34:5 Parameter 'enabled' is never used
w: file:///E:/Code/LunarLand/MiniLinux/termux-app/lunar-ui/src/main/kotlin/lunar/land/ui/core/ui/controller/SystemUiController.kt:63:16 'setter for statusBarColor: Int' is deprecated. Deprecated in Java
w: file:///E:/Code/LunarLand/MiniLinux/termux-app/lunar-ui/src/main/kotlin/lunar/land/ui/core/ui/controller/SystemUiController.kt:81:16 'setter for navigationBarColor: Int' is deprecated. Deprecated in Java
w: file:///E:/Code/LunarLand/MiniLinux/termux-app/lunar-ui/src/main/kotlin/lunar/land/ui/core/ui/effects/OnLifecycleEventChange.kt:16:59 'LocalLifecycleOwner: ProvidableCompositionLocal<LifecycleOwner>' is deprecated. Moved to lifecycle-runtime-compose library in androidx.lifecycle.compose package.
w: file:///E:/Code/LunarLand/MiniLinux/termux-app/lunar-ui/src/main/kotlin/lunar/land/ui/feature/lunarcalendar/shared/LunarPhaseMoonIcon.kt:184:13 'quadraticBezierTo(Float, Float, Float, Float): Unit' is deprecated. Use quadraticTo() for consistency with cubicTo()
w: file:///E:/Code/LunarLand/MiniLinux/termux-app/lunar-ui/src/main/kotlin/lunar/land/ui/feature/lunarcalendar/shared/LunarPhaseMoonIcon.kt:190:13 'quadraticBezierTo(Float, Float, Float, Float): Unit' is deprecated. Use quadraticTo() for consistency with cubicTo()

> Task :terminal-emulator:buildNdkBuildDebug[arm64-v8a]
> Task :terminal-emulator:configureNdkBuildDebug[armeabi-v7a]
> Task :terminal-emulator:buildNdkBuildDebug[armeabi-v7a]
> Task :lunar-ui:compileDebugJavaWithJavac NO-SOURCE
> Task :lunar-ui:processDebugJavaRes
> Task :lunar-ui:bundleLibCompileToJarDebug
> Task :lunar-ui:bundleLibRuntimeToJarDebug
> Task :terminal-emulator:configureNdkBuildDebug[x86]
> Task :terminal-emulator:buildNdkBuildDebug[x86]
> Task :terminal-emulator:configureNdkBuildDebug[x86_64]
> Task :terminal-emulator:buildNdkBuildDebug[x86_64]
> Task :terminal-emulator:mergeDebugJniLibFolders
> Task :terminal-view:mergeDebugJniLibFolders
> Task :terminal-view:mergeDebugNativeLibs NO-SOURCE
> Task :terminal-view:copyDebugJniLibsProjectOnly
> Task :termux-core:mergeDebugJniLibFolders
> Task :termux-core:mergeDebugNativeLibs NO-SOURCE
> Task :termux-core:copyDebugJniLibsProjectOnly
> Task :terminal-emulator:mergeDebugNativeLibs
> Task :termux-shared:configureNdkBuildDebug[arm64-v8a]
> Task :terminal-emulator:copyDebugJniLibsProjectOnly

> Task :app:compileDebugKotlin
w: file:///E:/Code/LunarLand/MiniLinux/termux-app/app/src/main/java/com/termux/app/bootstrap/BootstrapSetupViewModel.kt:349:26 Parameter 'onInstallComplete' is never used

> Task :termux-shared:buildNdkBuildDebug[arm64-v8a]
> Task :termux-shared:configureNdkBuildDebug[armeabi-v7a]
> Task :app:mergeLibDexDebug
> Task :app:mergeExtDexDebug
> Task :termux-shared:buildNdkBuildDebug[armeabi-v7a]
> Task :app:compileDebugJavaWithJavac
> Task :app:processDebugJavaRes
> Task :app:l8DexDesugarLibDebug
> Task :app:dexBuilderDebug
> Task :termux-shared:configureNdkBuildDebug[x86]
> Task :app:mergeProjectDexDebug
> Task :termux-shared:buildNdkBuildDebug[x86]
> Task :termux-shared:configureNdkBuildDebug[x86_64]
> Task :termux-shared:buildNdkBuildDebug[x86_64]
> Task :termux-shared:mergeDebugJniLibFolders
> Task :app:validateSigningDebug
> Task :app:writeDebugAppMetadata
> Task :app:writeDebugSigningConfigVersions
> Task :lunar-ui:stripDebugDebugSymbols NO-SOURCE
> Task :lunar-ui:copyDebugJniLibsProjectAndLocalJars
> Task :lunar-ui:extractDebugAnnotations
> Task :termux-shared:mergeDebugNativeLibs
> Task :lunar-ui:extractDeepLinksForAarDebug UP-TO-DATE
> Task :lunar-ui:mergeDebugGeneratedProguardFiles UP-TO-DATE
> Task :lunar-ui:mergeDebugConsumerProguardFiles UP-TO-DATE
> Task :lunar-ui:prepareDebugArtProfile UP-TO-DATE
> Task :lunar-ui:prepareLintJarForPublish UP-TO-DATE
> Task :lunar-ui:mergeDebugJavaResource
> Task :termux-shared:copyDebugJniLibsProjectOnly
> Task :terminal-emulator:stripDebugDebugSymbols
> Task :lunar-ui:syncDebugLibJars
> Task :app:mergeDebugJavaResource
> Task :lunar-ui:bundleDebugAar
> Task :lunar-ui:assembleDebug
> Task :terminal-emulator:extractDebugAnnotations
> Task :terminal-emulator:extractDeepLinksForAarDebug UP-TO-DATE
> Task :terminal-emulator:copyDebugJniLibsProjectAndLocalJars
> Task :terminal-emulator:mergeDebugGeneratedProguardFiles UP-TO-DATE
> Task :terminal-emulator:mergeDebugConsumerProguardFiles UP-TO-DATE
> Task :terminal-emulator:prepareDebugArtProfile UP-TO-DATE
> Task :terminal-emulator:prepareLintJarForPublish UP-TO-DATE
> Task :terminal-view:stripDebugDebugSymbols NO-SOURCE
> Task :terminal-emulator:mergeDebugJavaResource
> Task :terminal-view:copyDebugJniLibsProjectAndLocalJars
> Task :terminal-view:extractDebugAnnotations
> Task :app:mergeDebugNativeLibs
> Task :terminal-emulator:syncDebugLibJars
> Task :terminal-emulator:bundleDebugAar
> Task :terminal-emulator:assembleDebug
> Task :terminal-view:extractDeepLinksForAarDebug UP-TO-DATE
> Task :terminal-view:mergeDebugGeneratedProguardFiles UP-TO-DATE
> Task :terminal-view:mergeDebugConsumerProguardFiles UP-TO-DATE
> Task :terminal-view:prepareDebugArtProfile UP-TO-DATE
> Task :terminal-view:prepareLintJarForPublish UP-TO-DATE
> Task :termux-core:stripDebugDebugSymbols NO-SOURCE
> Task :terminal-view:mergeDebugJavaResource
> Task :termux-core:copyDebugJniLibsProjectAndLocalJars
> Task :terminal-view:syncDebugLibJars
> Task :terminal-view:bundleDebugAar
> Task :terminal-view:assembleDebug
> Task :termux-core:extractDebugAnnotations
> Task :termux-core:extractDeepLinksForAarDebug UP-TO-DATE

> Task :app:stripDebugDebugSymbols
Unable to strip the following libraries, packaging them as they are: libandroidx.graphics.path.so, liblocal-socket.so, libtermux.so. Run with --info option to learn more.

> Task :termux-core:mergeDebugGeneratedProguardFiles UP-TO-DATE
> Task :termux-core:mergeDebugConsumerProguardFiles
> Task :termux-core:prepareDebugArtProfile UP-TO-DATE
> Task :termux-core:prepareLintJarForPublish UP-TO-DATE
> Task :termux-core:mergeDebugJavaResource
> Task :termux-shared:extractDebugAnnotations
> Task :termux-shared:stripDebugDebugSymbols
> Task :termux-core:syncDebugLibJars
> Task :termux-core:bundleDebugAar
> Task :termux-core:assembleDebug
> Task :termux-shared:extractDeepLinksForAarDebug UP-TO-DATE
> Task :termux-shared:mergeDebugGeneratedProguardFiles UP-TO-DATE
> Task :termux-shared:mergeDebugConsumerProguardFiles UP-TO-DATE
> Task :termux-shared:prepareDebugArtProfile UP-TO-DATE
> Task :termux-shared:prepareLintJarForPublish UP-TO-DATE
> Task :termux-shared:mergeDebugJavaResource
> Task :termux-shared:copyDebugJniLibsProjectAndLocalJars
> Task :termux-shared:syncDebugLibJars
> Task :termux-shared:bundleDebugAar
> Task :termux-shared:assembleDebug
> Task :app:packageDebug
> Task :app:createDebugApkListingFileRedirect
> Task :app:assembleDebug

[Incubating] Problems report is available at: file:///E:/Code/LunarLand/MiniLinux/termux-app/build/reports/problems/problems-report.html

BUILD SUCCESSFUL in 1m 23s
211 actionable tasks: 187 executed, 24 up-to-date
